<?xml version="1.0" encoding="UTF-8"?>
<testsuite xmlns:xsi="http://www.w3.org/2001/XMLSchema-instance" xsi:noNamespaceSchemaLocation="https://maven.apache.org/surefire/maven-surefire-plugin/xsd/surefire-test-report-3.0.xsd" version="3.0" name="com.syntax.runners.TestRunner" time="11.394" tests="1" errors="0" skipped="0" failures="0">
  <properties>
    <property name="sun.desktop" value="windows"/>
    <property name="awt.toolkit" value="sun.awt.windows.WToolkit"/>
    <property name="file.encoding.pkg" value="sun.io"/>
    <property name="java.specification.version" value="1.8"/>
    <property name="sun.cpu.isalist" value="amd64"/>
    <property name="sun.jnu.encoding" value="Cp1252"/>
    <property name="java.class.path" value="C:\Users\cutte\eclipse-workspace\CucumberPracticeFramework\target\test-classes;C:\Users\cutte\eclipse-workspace\CucumberPracticeFramework\target\classes;C:\Users\cutte\.m2\repository\org\seleniumhq\selenium\selenium-java\3.141.59\selenium-java-3.141.59.jar;C:\Users\cutte\.m2\repository\org\seleniumhq\selenium\selenium-api\3.141.59\selenium-api-3.141.59.jar;C:\Users\cutte\.m2\repository\org\seleniumhq\selenium\selenium-chrome-driver\3.141.59\selenium-chrome-driver-3.141.59.jar;C:\Users\cutte\.m2\repository\org\seleniumhq\selenium\selenium-edge-driver\3.141.59\selenium-edge-driver-3.141.59.jar;C:\Users\cutte\.m2\repository\org\seleniumhq\selenium\selenium-firefox-driver\3.141.59\selenium-firefox-driver-3.141.59.jar;C:\Users\cutte\.m2\repository\org\seleniumhq\selenium\selenium-ie-driver\3.141.59\selenium-ie-driver-3.141.59.jar;C:\Users\cutte\.m2\repository\org\seleniumhq\selenium\selenium-opera-driver\3.141.59\selenium-opera-driver-3.141.59.jar;C:\Users\cutte\.m2\repository\org\seleniumhq\selenium\selenium-remote-driver\3.141.59\selenium-remote-driver-3.141.59.jar;C:\Users\cutte\.m2\repository\org\seleniumhq\selenium\selenium-safari-driver\3.141.59\selenium-safari-driver-3.141.59.jar;C:\Users\cutte\.m2\repository\org\seleniumhq\selenium\selenium-support\3.141.59\selenium-support-3.141.59.jar;C:\Users\cutte\.m2\repository\net\bytebuddy\byte-buddy\1.8.15\byte-buddy-1.8.15.jar;C:\Users\cutte\.m2\repository\org\apache\commons\commons-exec\1.3\commons-exec-1.3.jar;C:\Users\cutte\.m2\repository\com\google\guava\guava\25.0-jre\guava-25.0-jre.jar;C:\Users\cutte\.m2\repository\com\google\code\findbugs\jsr305\1.3.9\jsr305-1.3.9.jar;C:\Users\cutte\.m2\repository\org\checkerframework\checker-compat-qual\2.0.0\checker-compat-qual-2.0.0.jar;C:\Users\cutte\.m2\repository\com\google\errorprone\error_prone_annotations\2.1.3\error_prone_annotations-2.1.3.jar;C:\Users\cutte\.m2\repository\com\google\j2objc\j2objc-annotations\1.1\j2objc-annotations-1.1.jar;C:\Users\cutte\.m2\repository\org\codehaus\mojo\animal-sniffer-annotations\1.14\animal-sniffer-annotations-1.14.jar;C:\Users\cutte\.m2\repository\com\squareup\okhttp3\okhttp\3.11.0\okhttp-3.11.0.jar;C:\Users\cutte\.m2\repository\com\squareup\okio\okio\1.14.0\okio-1.14.0.jar;C:\Users\cutte\.m2\repository\io\github\bonigarcia\webdrivermanager\3.8.1\webdrivermanager-3.8.1.jar;C:\Users\cutte\.m2\repository\org\slf4j\slf4j-api\1.7.25\slf4j-api-1.7.25.jar;C:\Users\cutte\.m2\repository\commons-io\commons-io\2.6\commons-io-2.6.jar;C:\Users\cutte\.m2\repository\com\google\code\gson\gson\2.8.5\gson-2.8.5.jar;C:\Users\cutte\.m2\repository\org\apache\commons\commons-lang3\3.8.1\commons-lang3-3.8.1.jar;C:\Users\cutte\.m2\repository\org\apache\httpcomponents\httpclient\4.5.6\httpclient-4.5.6.jar;C:\Users\cutte\.m2\repository\org\apache\httpcomponents\httpcore\4.4.10\httpcore-4.4.10.jar;C:\Users\cutte\.m2\repository\commons-logging\commons-logging\1.2\commons-logging-1.2.jar;C:\Users\cutte\.m2\repository\commons-codec\commons-codec\1.10\commons-codec-1.10.jar;C:\Users\cutte\.m2\repository\org\rauschig\jarchivelib\1.0.0\jarchivelib-1.0.0.jar;C:\Users\cutte\.m2\repository\org\apache\commons\commons-compress\1.18\commons-compress-1.18.jar;C:\Users\cutte\.m2\repository\org\jsoup\jsoup\1.11.3\jsoup-1.11.3.jar;C:\Users\cutte\.m2\repository\io\cucumber\cucumber-java\5.6.0\cucumber-java-5.6.0.jar;C:\Users\cutte\.m2\repository\io\cucumber\cucumber-core\5.6.0\cucumber-core-5.6.0.jar;C:\Users\cutte\.m2\repository\io\cucumber\cucumber-gherkin\5.6.0\cucumber-gherkin-5.6.0.jar;C:\Users\cutte\.m2\repository\io\cucumber\cucumber-gherkin-vintage\5.6.0\cucumber-gherkin-vintage-5.6.0.jar;C:\Users\cutte\.m2\repository\io\cucumber\tag-expressions\2.0.4\tag-expressions-2.0.4.jar;C:\Users\cutte\.m2\repository\io\cucumber\cucumber-expressions\8.3.1\cucumber-expressions-8.3.1.jar;C:\Users\cutte\.m2\repository\io\cucumber\datatable\3.3.1\datatable-3.3.1.jar;C:\Users\cutte\.m2\repository\io\cucumber\cucumber-plugin\5.6.0\cucumber-plugin-5.6.0.jar;C:\Users\cutte\.m2\repository\io\cucumber\docstring\5.6.0\docstring-5.6.0.jar;C:\Users\cutte\.m2\repository\org\apiguardian\apiguardian-api\1.1.0\apiguardian-api-1.1.0.jar;C:\Users\cutte\.m2\repository\io\cucumber\cucumber-junit\5.6.0\cucumber-junit-5.6.0.jar;C:\Users\cutte\.m2\repository\junit\junit\4.13\junit-4.13.jar;C:\Users\cutte\.m2\repository\org\hamcrest\hamcrest-core\1.3\hamcrest-core-1.3.jar;"/>
    <property name="java.vm.vendor" value="Oracle Corporation"/>
    <property name="sun.arch.data.model" value="64"/>
    <property name="user.variant" value=""/>
    <property name="java.vendor.url" value="http://java.oracle.com/"/>
    <property name="user.timezone" value="America/New_York"/>
    <property name="java.vm.specification.version" value="1.8"/>
    <property name="os.name" value="Windows 10"/>
    <property name="user.country" value="US"/>
    <property name="sun.java.launcher" value="SUN_STANDARD"/>
    <property name="sun.boot.library.path" value="C:\Program Files\Java\jre1.8.0_251\bin"/>
    <property name="sun.java.command" value="C:\Users\cutte\AppData\Local\Temp\surefire3962235530447553610\surefirebooter178120337861939565.jar C:\Users\cutte\AppData\Local\Temp\surefire3962235530447553610 2020-10-16T10-03-03_462-jvmRun1 surefire6884413276417643119tmp surefire_07028237382441848805tmp"/>
    <property name="surefire.test.class.path" value="C:\Users\cutte\eclipse-workspace\CucumberPracticeFramework\target\test-classes;C:\Users\cutte\eclipse-workspace\CucumberPracticeFramework\target\classes;C:\Users\cutte\.m2\repository\org\seleniumhq\selenium\selenium-java\3.141.59\selenium-java-3.141.59.jar;C:\Users\cutte\.m2\repository\org\seleniumhq\selenium\selenium-api\3.141.59\selenium-api-3.141.59.jar;C:\Users\cutte\.m2\repository\org\seleniumhq\selenium\selenium-chrome-driver\3.141.59\selenium-chrome-driver-3.141.59.jar;C:\Users\cutte\.m2\repository\org\seleniumhq\selenium\selenium-edge-driver\3.141.59\selenium-edge-driver-3.141.59.jar;C:\Users\cutte\.m2\repository\org\seleniumhq\selenium\selenium-firefox-driver\3.141.59\selenium-firefox-driver-3.141.59.jar;C:\Users\cutte\.m2\repository\org\seleniumhq\selenium\selenium-ie-driver\3.141.59\selenium-ie-driver-3.141.59.jar;C:\Users\cutte\.m2\repository\org\seleniumhq\selenium\selenium-opera-driver\3.141.59\selenium-opera-driver-3.141.59.jar;C:\Users\cutte\.m2\repository\org\seleniumhq\selenium\selenium-remote-driver\3.141.59\selenium-remote-driver-3.141.59.jar;C:\Users\cutte\.m2\repository\org\seleniumhq\selenium\selenium-safari-driver\3.141.59\selenium-safari-driver-3.141.59.jar;C:\Users\cutte\.m2\repository\org\seleniumhq\selenium\selenium-support\3.141.59\selenium-support-3.141.59.jar;C:\Users\cutte\.m2\repository\net\bytebuddy\byte-buddy\1.8.15\byte-buddy-1.8.15.jar;C:\Users\cutte\.m2\repository\org\apache\commons\commons-exec\1.3\commons-exec-1.3.jar;C:\Users\cutte\.m2\repository\com\google\guava\guava\25.0-jre\guava-25.0-jre.jar;C:\Users\cutte\.m2\repository\com\google\code\findbugs\jsr305\1.3.9\jsr305-1.3.9.jar;C:\Users\cutte\.m2\repository\org\checkerframework\checker-compat-qual\2.0.0\checker-compat-qual-2.0.0.jar;C:\Users\cutte\.m2\repository\com\google\errorprone\error_prone_annotations\2.1.3\error_prone_annotations-2.1.3.jar;C:\Users\cutte\.m2\repository\com\google\j2objc\j2objc-annotations\1.1\j2objc-annotations-1.1.jar;C:\Users\cutte\.m2\repository\org\codehaus\mojo\animal-sniffer-annotations\1.14\animal-sniffer-annotations-1.14.jar;C:\Users\cutte\.m2\repository\com\squareup\okhttp3\okhttp\3.11.0\okhttp-3.11.0.jar;C:\Users\cutte\.m2\repository\com\squareup\okio\okio\1.14.0\okio-1.14.0.jar;C:\Users\cutte\.m2\repository\io\github\bonigarcia\webdrivermanager\3.8.1\webdrivermanager-3.8.1.jar;C:\Users\cutte\.m2\repository\org\slf4j\slf4j-api\1.7.25\slf4j-api-1.7.25.jar;C:\Users\cutte\.m2\repository\commons-io\commons-io\2.6\commons-io-2.6.jar;C:\Users\cutte\.m2\repository\com\google\code\gson\gson\2.8.5\gson-2.8.5.jar;C:\Users\cutte\.m2\repository\org\apache\commons\commons-lang3\3.8.1\commons-lang3-3.8.1.jar;C:\Users\cutte\.m2\repository\org\apache\httpcomponents\httpclient\4.5.6\httpclient-4.5.6.jar;C:\Users\cutte\.m2\repository\org\apache\httpcomponents\httpcore\4.4.10\httpcore-4.4.10.jar;C:\Users\cutte\.m2\repository\commons-logging\commons-logging\1.2\commons-logging-1.2.jar;C:\Users\cutte\.m2\repository\commons-codec\commons-codec\1.10\commons-codec-1.10.jar;C:\Users\cutte\.m2\repository\org\rauschig\jarchivelib\1.0.0\jarchivelib-1.0.0.jar;C:\Users\cutte\.m2\repository\org\apache\commons\commons-compress\1.18\commons-compress-1.18.jar;C:\Users\cutte\.m2\repository\org\jsoup\jsoup\1.11.3\jsoup-1.11.3.jar;C:\Users\cutte\.m2\repository\io\cucumber\cucumber-java\5.6.0\cucumber-java-5.6.0.jar;C:\Users\cutte\.m2\repository\io\cucumber\cucumber-core\5.6.0\cucumber-core-5.6.0.jar;C:\Users\cutte\.m2\repository\io\cucumber\cucumber-gherkin\5.6.0\cucumber-gherkin-5.6.0.jar;C:\Users\cutte\.m2\repository\io\cucumber\cucumber-gherkin-vintage\5.6.0\cucumber-gherkin-vintage-5.6.0.jar;C:\Users\cutte\.m2\repository\io\cucumber\tag-expressions\2.0.4\tag-expressions-2.0.4.jar;C:\Users\cutte\.m2\repository\io\cucumber\cucumber-expressions\8.3.1\cucumber-expressions-8.3.1.jar;C:\Users\cutte\.m2\repository\io\cucumber\datatable\3.3.1\datatable-3.3.1.jar;C:\Users\cutte\.m2\repository\io\cucumber\cucumber-plugin\5.6.0\cucumber-plugin-5.6.0.jar;C:\Users\cutte\.m2\repository\io\cucumber\docstring\5.6.0\docstring-5.6.0.jar;C:\Users\cutte\.m2\repository\org\apiguardian\apiguardian-api\1.1.0\apiguardian-api-1.1.0.jar;C:\Users\cutte\.m2\repository\io\cucumber\cucumber-junit\5.6.0\cucumber-junit-5.6.0.jar;C:\Users\cutte\.m2\repository\junit\junit\4.13\junit-4.13.jar;C:\Users\cutte\.m2\repository\org\hamcrest\hamcrest-core\1.3\hamcrest-core-1.3.jar;"/>
    <property name="sun.cpu.endian" value="little"/>
    <property name="user.home" value="C:\Users\cutte"/>
    <property name="user.language" value="en"/>
    <property name="java.specification.vendor" value="Oracle Corporation"/>
    <property name="java.home" value="C:\Program Files\Java\jre1.8.0_251"/>
    <property name="basedir" value="C:\Users\cutte\eclipse-workspace\CucumberPracticeFramework"/>
    <property name="file.separator" value="\"/>
    <property name="line.separator" value="&#10;"/>
    <property name="java.vm.specification.vendor" value="Oracle Corporation"/>
    <property name="java.specification.name" value="Java Platform API Specification"/>
    <property name="java.awt.graphicsenv" value="sun.awt.Win32GraphicsEnvironment"/>
    <property name="surefire.real.class.path" value="C:\Users\cutte\AppData\Local\Temp\surefire3962235530447553610\surefirebooter178120337861939565.jar"/>
    <property name="sun.boot.class.path" value="C:\Program Files\Java\jre1.8.0_251\lib\resources.jar;C:\Program Files\Java\jre1.8.0_251\lib\rt.jar;C:\Program Files\Java\jre1.8.0_251\lib\sunrsasign.jar;C:\Program Files\Java\jre1.8.0_251\lib\jsse.jar;C:\Program Files\Java\jre1.8.0_251\lib\jce.jar;C:\Program Files\Java\jre1.8.0_251\lib\charsets.jar;C:\Program Files\Java\jre1.8.0_251\lib\jfr.jar;C:\Program Files\Java\jre1.8.0_251\classes"/>
    <property name="user.script" value=""/>
    <property name="sun.management.compiler" value="HotSpot 64-Bit Tiered Compilers"/>
    <property name="java.runtime.version" value="1.8.0_251-b08"/>
    <property name="user.name" value="cutte"/>
    <property name="path.separator" value=";"/>
    <property name="os.version" value="10.0"/>
    <property name="java.endorsed.dirs" value="C:\Program Files\Java\jre1.8.0_251\lib\endorsed"/>
    <property name="java.runtime.name" value="Java(TM) SE Runtime Environment"/>
    <property name="file.encoding" value="Cp1252"/>
    <property name="java.vm.name" value="Java HotSpot(TM) 64-Bit Server VM"/>
    <property name="localRepository" value="C:\Users\cutte\.m2\repository"/>
    <property name="java.vendor.url.bug" value="http://bugreport.sun.com/bugreport/"/>
    <property name="java.io.tmpdir" value="C:\Users\cutte\AppData\Local\Temp\"/>
    <property name="java.version" value="1.8.0_251"/>
    <property name="user.dir" value="C:\Users\cutte\eclipse-workspace\CucumberPracticeFramework"/>
    <property name="os.arch" value="amd64"/>
    <property name="java.vm.specification.name" value="Java Virtual Machine Specification"/>
    <property name="java.awt.printerjob" value="sun.awt.windows.WPrinterJob"/>
    <property name="sun.os.patch.level" value=""/>
    <property name="java.library.path" value="C:\Program Files\Java\jre1.8.0_251\bin;C:\Windows\Sun\Java\bin;C:\Windows\system32;C:\Windows;C:\Users\cutte\bin;C:\Program Files\Git\mingw64\bin;C:\Program Files\Git\usr\local\bin;C:\Program Files\Git\usr\bin;C:\Program Files\Git\usr\bin;C:\Program Files\Git\mingw64\bin;C:\Program Files\Git\usr\bin;C:\Users\cutte\bin;C:\Program Files (x86)\Common Files\Oracle\Java\javapath;C:\Windows\system32;C:\Windows;C:\Windows\System32\Wbem;C:\Windows\System32\WindowsPowerShell\v1.0;C:\Windows\System32\OpenSSH;C:\Program Files\Intel\WiFi\bin;C:\Program Files\Common Files\Intel\WirelessCommon;C:\Program Files\Git\cmd;C:\Users\cutte\AppData\Local\Microsoft\WindowsApps;C:\Users\cutte\AppData\Local\GitHubDesktop\bin;C:\Program Files (x86)\apache-maven-3.6.3\bin;C:\Program Files\Git\usr\bin\vendor_perl;C:\Program Files\Git\usr\bin\core_perl;."/>
    <property name="java.vm.info" value="mixed mode"/>
    <property name="java.vendor" value="Oracle Corporation"/>
    <property name="java.vm.version" value="25.251-b08"/>
    <property name="java.ext.dirs" value="C:\Program Files\Java\jre1.8.0_251\lib\ext;C:\Windows\Sun\Java\lib\ext"/>
    <property name="sun.io.unicode.encoding" value="UnicodeLittle"/>
    <property name="java.class.version" value="52.0"/>
  </properties>
  <testcase name="login with valid credentials" classname="login test" time="11.114">
    <system-out><![CDATA[
@smoke
Scenario: login with valid credentials # src/test/resources/features/login.feature:5
  When login with valid credentials    # com.syntax.stepDefinitions.loginStepDefinitions.login_with_valid_credentials()
  Then varify welcome message          # com.syntax.stepDefinitions.loginStepDefinitions.varify_welcome_message()
]]></system-out>
    <system-err><![CDATA[SLF4J: Failed to load class "org.slf4j.impl.StaticLoggerBinder".
SLF4J: Defaulting to no-operation (NOP) logger implementation
SLF4J: See http://www.slf4j.org/codes.html#StaticLoggerBinder for further details.
Starting ChromeDriver 86.0.4240.22 (398b0743353ff36fb1b82468f63a3a93b4e2e89e-refs/branch-heads/4240@{#378}) on port 13998
Only local connections are allowed.
Please see https://chromedriver.chromium.org/security-considerations for suggestions on keeping ChromeDriver safe.
ChromeDriver was started successfully.
Oct 16, 2020 10:03:08 AM org.openqa.selenium.remote.ProtocolHandshake createSession
INFO: Detected dialect: W3C
]]></system-err>
  </testcase>
</testsuite>